Initialize engine version: 5.5.0f3 (38b4efef76f0)
GfxDevice: creating device client; threaded=1
Direct3D:
    Version:  Direct3D 11.0 [level 11.0]
    Renderer: NVIDIA GeForce GTX 765M (ID=0x11e2)
    Vendor:   NVIDIA
    VRAM:     2020 MB
    Driver:   21.21.13.7892
Begin MonoManager ReloadAssembly
Platform assembly: E:\Moja Praca InżynierskaMappingSoft\Piotr Chrzan Mapping\pierwszy build_Data\Managed\UnityEngine.dll (this message is harmless)
Loading E:\Moja Praca InżynierskaMappingSoft\Piotr Chrzan Mapping\pierwszy build_Data\Managed\UnityEngine.dll into Unity Child Domain
Platform assembly: E:\Moja Praca InżynierskaMappingSoft\Piotr Chrzan Mapping\pierwszy build_Data\Managed\Assembly-CSharp.dll (this message is harmless)
Loading E:\Moja Praca InżynierskaMappingSoft\Piotr Chrzan Mapping\pierwszy build_Data\Managed\Assembly-CSharp.dll into Unity Child Domain
Platform assembly: E:\Moja Praca InżynierskaMappingSoft\Piotr Chrzan Mapping\pierwszy build_Data\Managed\UnityEngine.UI.dll (this message is harmless)
Loading E:\Moja Praca InżynierskaMappingSoft\Piotr Chrzan Mapping\pierwszy build_Data\Managed\UnityEngine.UI.dll into Unity Child Domain
Platform assembly: E:\Moja Praca InżynierskaMappingSoft\Piotr Chrzan Mapping\pierwszy build_Data\Managed\UnityEngine.Networking.dll (this message is harmless)
Loading E:\Moja Praca InżynierskaMappingSoft\Piotr Chrzan Mapping\pierwszy build_Data\Managed\UnityEngine.Networking.dll into Unity Child Domain
Platform assembly: E:\Moja Praca InżynierskaMappingSoft\Piotr Chrzan Mapping\pierwszy build_Data\Managed\UnityEngine.PlaymodeTestsRunner.dll (this message is harmless)
Loading E:\Moja Praca InżynierskaMappingSoft\Piotr Chrzan Mapping\pierwszy build_Data\Managed\UnityEngine.PlaymodeTestsRunner.dll into Unity Child Domain
- Completed reload, in  0.025 seconds
Platform assembly: E:\Moja Praca InżynierskaMappingSoft\Piotr Chrzan Mapping\pierwszy build_Data\Managed\System.Core.dll (this message is harmless)
Platform assembly: E:\Moja Praca InżynierskaMappingSoft\Piotr Chrzan Mapping\pierwszy build_Data\Managed\System.dll (this message is harmless)
desktop: 1024x768 60Hz; virtual: 2944x1080 at 0,0
<RI> Initializing input.
<RI> Input initialized.
desktop: 1920x1080 60Hz; virtual: 2944x1080 at 0,0
<RI> Initialized touch support.
UnloadTime: 3.026067 ms
ARController: ARToolKit version 5.3.2 initialised.
 
(Filename: C:/buildslave/unity/build/artifacts/generated/common/runtime/DebugBindings.gen.cpp Line: 51)

ARController (native): [info]Loading single AR marker from buffer, width 80.000000.
 
(Filename: C:/buildslave/unity/build/artifacts/generated/common/runtime/DebugBindings.gen.cpp Line: 51)

ARController (native): [info]Added marker (UID=0), total markers loaded: 1.
 
(Filename: C:/buildslave/unity/build/artifacts/generated/common/runtime/DebugBindings.gen.cpp Line: 51)

ARController (native): [info]Loading single AR marker from buffer, width 80.000000.
 
(Filename: C:/buildslave/unity/build/artifacts/generated/common/runtime/DebugBindings.gen.cpp Line: 51)

ARController (native): [info]Added marker (UID=1), total markers loaded: 2.
 
(Filename: C:/buildslave/unity/build/artifacts/generated/common/runtime/DebugBindings.gen.cpp Line: 51)

ARController (native): [info]Loading single AR marker from buffer, width 80.000000.
 
(Filename: C:/buildslave/unity/build/artifacts/generated/common/runtime/DebugBindings.gen.cpp Line: 51)

ARController (native): [info]Added marker (UID=2), total markers loaded: 3.
 
(Filename: C:/buildslave/unity/build/artifacts/generated/common/runtime/DebugBindings.gen.cpp Line: 51)

ARController (native): [info]Loading single AR marker from buffer, width 80.000000.
 
(Filename: C:/buildslave/unity/build/artifacts/generated/common/runtime/DebugBindings.gen.cpp Line: 51)

ARController (native): [info]Added marker (UID=3), total markers loaded: 4.
 
(Filename: C:/buildslave/unity/build/artifacts/generated/common/runtime/DebugBindings.gen.cpp Line: 51)

ARController (native): [info]Loading single AR marker from buffer, width 80.000000.
 
(Filename: C:/buildslave/unity/build/artifacts/generated/common/runtime/DebugBindings.gen.cpp Line: 51)

ARController (native): [info]Added marker (UID=4), total markers loaded: 5.
 
(Filename: C:/buildslave/unity/build/artifacts/generated/common/runtime/DebugBindings.gen.cpp Line: 51)

ARController: Starting AR.
 
(Filename: C:/buildslave/unity/build/artifacts/generated/common/runtime/DebugBindings.gen.cpp Line: 51)

ARController: Render device: Direct3D 11.0 [level 11.0], using Unity texturing.
 
(Filename: C:/buildslave/unity/build/artifacts/generated/common/runtime/DebugBindings.gen.cpp Line: 51)

ARController: Starting ARToolKit video with vconf '-showDialog -flipV'.
 
(Filename: C:/buildslave/unity/build/artifacts/generated/common/runtime/DebugBindings.gen.cpp Line: 51)

ARController (native): [info]ARController::startRunning(): called, start running
 
(Filename: C:/buildslave/unity/build/artifacts/generated/common/runtime/DebugBindings.gen.cpp Line: 51)

ARController (native): [info]Setting video configuration '-showDialog -flipV'.
 
(Filename: C:/buildslave/unity/build/artifacts/generated/common/runtime/DebugBindings.gen.cpp Line: 51)

ARController (native): [info]Settting camera parameters buffer: 176 bytes.
 
(Filename: C:/buildslave/unity/build/artifacts/generated/common/runtime/DebugBindings.gen.cpp Line: 51)

ARController (native): [info]Opening ARToolKit video using configuration '-showDialog -flipV'.
 
(Filename: C:/buildslave/unity/build/artifacts/generated/common/runtime/DebugBindings.gen.cpp Line: 51)

ARController (native): [info]Opened ARToolKit video 640x480@3Bpp (AR_PIXEL_FORMAT_BGR).
 
(Filename: C:/buildslave/unity/build/artifacts/generated/common/runtime/DebugBindings.gen.cpp Line: 51)

ARController (native): [info]Camera parameters loaded from buffer.
 
(Filename: C:/buildslave/unity/build/artifacts/generated/common/runtime/DebugBindings.gen.cpp Line: 51)

ARController: Setting ARToolKit tracking settings.
 
(Filename: C:/buildslave/unity/build/artifacts/generated/common/runtime/DebugBindings.gen.cpp Line: 51)

AROrigin: Found 1 markers eligible to become base marker.
 
(Filename: C:/buildslave/unity/build/artifacts/generated/common/runtime/DebugBindings.gen.cpp Line: 51)

NullReferenceException: Object reference not set to an instance of an object
  at CellGrid.Start () [0x00000] in <filename unknown>:0 
 
(Filename:  Line: -1)

ARController: UpdateAR: Waiting for ARToolKit video.
 
(Filename: C:/buildslave/unity/build/artifacts/generated/common/runtime/DebugBindings.gen.cpp Line: 51)

ARController: UpdateAR: ARToolKit video is running. Configuring Unity scene for video.
 
(Filename: C:/buildslave/unity/build/artifacts/generated/common/runtime/DebugBindings.gen.cpp Line: 51)

ARController: Scene configured for video.
 
(Filename: C:/buildslave/unity/build/artifacts/generated/common/runtime/DebugBindings.gen.cpp Line: 51)

ARController (native): [info]ARController::initAR() called
 
(Filename: C:/buildslave/unity/build/artifacts/generated/common/runtime/DebugBindings.gen.cpp Line: 51)

Initialize engine version: 5.5.0f3 (38b4efef76f0)
GfxDevice: creating device client; threaded=1
Direct3D:
    Version:  Direct3D 11.0 [level 11.0]
    Renderer: NVIDIA GeForce GTX 765M (ID=0x11e2)
    Vendor:   NVIDIA
    VRAM:     2020 MB
    Driver:   21.21.13.7892
Begin MonoManager ReloadAssembly
Platform assembly: E:\Moja Praca InżynierskaMappingSoft\Piotr Chrzan Mapping\pierwszy build_Data\Managed\UnityEngine.dll (this message is harmless)
Loading E:\Moja Praca InżynierskaMappingSoft\Piotr Chrzan Mapping\pierwszy build_Data\Managed\UnityEngine.dll into Unity Child Domain
Platform assembly: E:\Moja Praca InżynierskaMappingSoft\Piotr Chrzan Mapping\pierwszy build_Data\Managed\Assembly-CSharp.dll (this message is harmless)
Loading E:\Moja Praca InżynierskaMappingSoft\Piotr Chrzan Mapping\pierwszy build_Data\Managed\Assembly-CSharp.dll into Unity Child Domain
Platform assembly: E:\Moja Praca InżynierskaMappingSoft\Piotr Chrzan Mapping\pierwszy build_Data\Managed\UnityEngine.UI.dll (this message is harmless)
Loading E:\Moja Praca InżynierskaMappingSoft\Piotr Chrzan Mapping\pierwszy build_Data\Managed\UnityEngine.UI.dll into Unity Child Domain
Platform assembly: E:\Moja Praca InżynierskaMappingSoft\Piotr Chrzan Mapping\pierwszy build_Data\Managed\UnityEngine.Networking.dll (this message is harmless)
Loading E:\Moja Praca InżynierskaMappingSoft\Piotr Chrzan Mapping\pierwszy build_Data\Managed\UnityEngine.Networking.dll into Unity Child Domain
Platform assembly: E:\Moja Praca InżynierskaMappingSoft\Piotr Chrzan Mapping\pierwszy build_Data\Managed\UnityEngine.PlaymodeTestsRunner.dll (this message is harmless)
Loading E:\Moja Praca InżynierskaMappingSoft\Piotr Chrzan Mapping\pierwszy build_Data\Managed\UnityEngine.PlaymodeTestsRunner.dll into Unity Child Domain
- Completed reload, in  0.021 seconds
Platform assembly: E:\Moja Praca InżynierskaMappingSoft\Piotr Chrzan Mapping\pierwszy build_Data\Managed\System.Core.dll (this message is harmless)
Platform assembly: E:\Moja Praca InżynierskaMappingSoft\Piotr Chrzan Mapping\pierwszy build_Data\Managed\System.dll (this message is harmless)
desktop: 1920x1080 60Hz; virtual: 2944x1080 at 0,0
<RI> Initializing input.
<RI> Input initialized.
<RI> Initialized touch support.
UnloadTime: 2.722862 ms
ARController: ARToolKit version 5.3.2 initialised.
 
(Filename: C:/buildslave/unity/build/artifacts/generated/common/runtime/DebugBindings.gen.cpp Line: 51)

ARController (native): [info]Loading single AR marker from buffer, width 80.000000.
 
(Filename: C:/buildslave/unity/build/artifacts/generated/common/runtime/DebugBindings.gen.cpp Line: 51)

ARController (native): [info]Added marker (UID=0), total markers loaded: 1.
 
(Filename: C:/buildslave/unity/build/artifacts/generated/common/runtime/DebugBindings.gen.cpp Line: 51)

ARController (native): [info]Loading single AR marker from buffer, width 80.000000.
 
(Filename: C:/buildslave/unity/build/artifacts/generated/common/runtime/DebugBindings.gen.cpp Line: 51)

ARController (native): [info]Added marker (UID=1), total markers loaded: 2.
 
(Filename: C:/buildslave/unity/build/artifacts/generated/common/runtime/DebugBindings.gen.cpp Line: 51)

ARController (native): [info]Loading single AR marker from buffer, width 80.000000.
 
(Filename: C:/buildslave/unity/build/artifacts/generated/common/runtime/DebugBindings.gen.cpp Line: 51)

ARController (native): [info]Added marker (UID=2), total markers loaded: 3.
 
(Filename: C:/buildslave/unity/build/artifacts/generated/common/runtime/DebugBindings.gen.cpp Line: 51)

ARController (native): [info]Loading single AR marker from buffer, width 80.000000.
 
(Filename: C:/buildslave/unity/build/artifacts/generated/common/runtime/DebugBindings.gen.cpp Line: 51)

ARController (native): [info]Added marker (UID=3), total markers loaded: 4.
 
(Filename: C:/buildslave/unity/build/artifacts/generated/common/runtime/DebugBindings.gen.cpp Line: 51)

ARController (native): [info]Loading single AR marker from buffer, width 80.000000.
 
(Filename: C:/buildslave/unity/build/artifacts/generated/common/runtime/DebugBindings.gen.cpp Line: 51)

ARController (native): [info]Added marker (UID=4), total markers loaded: 5.
 
(Filename: C:/buildslave/unity/build/artifacts/generated/common/runtime/DebugBindings.gen.cpp Line: 51)

ARController: Starting AR.
 
(Filename: C:/buildslave/unity/build/artifacts/generated/common/runtime/DebugBindings.gen.cpp Line: 51)

ARController: Render device: Direct3D 11.0 [level 11.0], using Unity texturing.
 
(Filename: C:/buildslave/unity/build/artifacts/generated/common/runtime/DebugBindings.gen.cpp Line: 51)

ARController: Starting ARToolKit video with vconf '-showDialog -flipV'.
 
(Filename: C:/buildslave/unity/build/artifacts/generated/common/runtime/DebugBindings.gen.cpp Line: 51)

ARController (native): [info]ARController::startRunning(): called, start running
 
(Filename: C:/buildslave/unity/build/artifacts/generated/common/runtime/DebugBindings.gen.cpp Line: 51)

ARController (native): [info]Setting video configuration '-showDialog -flipV'.
 
(Filename: C:/buildslave/unity/build/artifacts/generated/common/runtime/DebugBindings.gen.cpp Line: 51)

ARController (native): [info]Settting camera parameters buffer: 176 bytes.
 
(Filename: C:/buildslave/unity/build/artifacts/generated/common/runtime/DebugBindings.gen.cpp Line: 51)

ARController (native): [info]Opening ARToolKit video using configuration '-showDialog -flipV'.
 
(Filename: C:/buildslave/unity/build/artifacts/generated/common/runtime/DebugBindings.gen.cpp Line: 51)

ARController (native): [info]Opened ARToolKit video 1920x1200@3Bpp (AR_PIXEL_FORMAT_BGR).
 
(Filename: C:/buildslave/unity/build/artifacts/generated/common/runtime/DebugBindings.gen.cpp Line: 51)

ARController (native): [info]Camera parameters loaded from buffer.
 
(Filename: C:/buildslave/unity/build/artifacts/generated/common/runtime/DebugBindings.gen.cpp Line: 51)

ARController: Setting ARToolKit tracking settings.
 
(Filename: C:/buildslave/unity/build/artifacts/generated/common/runtime/DebugBindings.gen.cpp Line: 51)

AROrigin: Found 1 markers eligible to become base marker.
 
(Filename: C:/buildslave/unity/build/artifacts/generated/common/runtime/DebugBindings.gen.cpp Line: 51)

NullReferenceException: Object reference not set to an instance of an object
  at CellGrid.Start () [0x00000] in <filename unknown>:0 
 
(Filename:  Line: -1)

ARController: UpdateAR: Waiting for ARToolKit video.
 
(Filename: C:/buildslave/unity/build/artifacts/generated/common/runtime/DebugBindings.gen.cpp Line: 51)

ARController: UpdateAR: ARToolKit video is running. Configuring Unity scene for video.
 
(Filename: C:/buildslave/unity/build/artifacts/generated/common/runtime/DebugBindings.gen.cpp Line: 51)

ARController: Scene configured for video.
 
(Filename: C:/buildslave/unity/build/artifacts/generated/common/runtime/DebugBindings.gen.cpp Line: 51)

ARController (native): [info]ARController::initAR() called
 
(Filename: C:/buildslave/unity/build/artifacts/generated/common/runtime/DebugBindings.gen.cpp Line: 51)

ARController (native): [info]Marker 3 now visible
 
(Filename: C:/buildslave/unity/build/artifacts/generated/common/runtime/DebugBindings.gen.cpp Line: 51)

ARController (native): [info]Marker 3 no longer visible
 
(Filename: C:/buildslave/unity/build/artifacts/generated/common/runtime/DebugBindings.gen.cpp Line: 51)

ARController (native): [info]Marker 3 now visible
 
(Filename: C:/buildslave/unity/build/artifacts/generated/common/runtime/DebugBindings.gen.cpp Line: 51)

ARController (native): [info]Marker 3 no longer visible
 
(Filename: C:/buildslave/unity/build/artifacts/generated/common/runtime/DebugBindings.gen.cpp Line: 51)

ARController (native): [info]Marker 3 now visible
 
(Filename: C:/buildslave/unity/build/artifacts/generated/common/runtime/DebugBindings.gen.cpp Line: 51)

ARController (native): [info]Marker 3 no longer visible
 
(Filename: C:/buildslave/unity/build/artifacts/generated/common/runtime/DebugBindings.gen.cpp Line: 51)

ARController (native): [info]Marker 3 now visible
 
(Filename: C:/buildslave/unity/build/artifacts/generated/common/runtime/DebugBindings.gen.cpp Line: 51)

ARController (native): [info]Marker 3 no longer visible
 
(Filename: C:/buildslave/unity/build/artifacts/generated/common/runtime/DebugBindings.gen.cpp Line: 51)

ARController (native): [info]Marker 3 now visible
 
(Filename: C:/buildslave/unity/build/artifacts/generated/common/runtime/DebugBindings.gen.cpp Line: 51)

ARController (native): [info]Marker 3 no longer visible
 
(Filename: C:/buildslave/unity/build/artifacts/generated/common/runtime/DebugBindings.gen.cpp Line: 51)

ARController (native): [info]Marker 3 now visible
 
(Filename: C:/buildslave/unity/build/artifacts/generated/common/runtime/DebugBindings.gen.cpp Line: 51)

ARController (native): [info]Marker 4 now visible
 
(Filename: C:/buildslave/unity/build/artifacts/generated/common/runtime/DebugBindings.gen.cpp Line: 51)

ARController (native): [info]Marker 4 no longer visible
 
(Filename: C:/buildslave/unity/build/artifacts/generated/common/runtime/DebugBindings.gen.cpp Line: 51)

ARController (native): [info]Marker 1 now visible
 
(Filename: C:/buildslave/unity/build/artifacts/generated/common/runtime/DebugBindings.gen.cpp Line: 51)

ARController (native): [info]Marker 4 now visible
 
(Filename: C:/buildslave/unity/build/artifacts/generated/common/runtime/DebugBindings.gen.cpp Line: 51)

ARController (native): [info]Marker 1 no longer visible
 
(Filename: C:/buildslave/unity/build/artifacts/generated/common/runtime/DebugBindings.gen.cpp Line: 51)

ARController (native): [info]Marker 3 no longer visible
 
(Filename: C:/buildslave/unity/build/artifacts/generated/common/runtime/DebugBindings.gen.cpp Line: 51)

ARController (native): [info]Marker 4 no longer visible
 
(Filename: C:/buildslave/unity/build/artifacts/generated/common/runtime/DebugBindings.gen.cpp Line: 51)

ARController (native): [info]Marker 3 now visible
 
(Filename: C:/buildslave/unity/build/artifacts/generated/common/runtime/DebugBindings.gen.cpp Line: 51)

ARController (native): [info]Marker 4 now visible
 
(Filename: C:/buildslave/unity/build/artifacts/generated/common/runtime/DebugBindings.gen.cpp Line: 51)

ARController (native): [info]Marker 3 no longer visible
 
(Filename: C:/buildslave/unity/build/artifacts/generated/common/runtime/DebugBindings.gen.cpp Line: 51)

ARController (native): [info]Marker 4 no longer visible
 
(Filename: C:/buildslave/unity/build/artifacts/generated/common/runtime/DebugBindings.gen.cpp Line: 51)

ARController (native): [info]Marker 3 now visible
 
(Filename: C:/buildslave/unity/build/artifacts/generated/common/runtime/DebugBindings.gen.cpp Line: 51)

ARController (native): [info]Marker 4 now visible
 
(Filename: C:/buildslave/unity/build/artifacts/generated/common/runtime/DebugBindings.gen.cpp Line: 51)

ARController (native): [info]Marker 3 no longer visible
 
(Filename: C:/buildslave/unity/build/artifacts/generated/common/runtime/DebugBindings.gen.cpp Line: 51)

ARController (native): [info]Marker 4 no longer visible
 
(Filename: C:/buildslave/unity/build/artifacts/generated/common/runtime/DebugBindings.gen.cpp Line: 51)

ARController (native): [info]Marker 3 now visible
 
(Filename: C:/buildslave/unity/build/artifacts/generated/common/runtime/DebugBindings.gen.cpp Line: 51)

ARController (native): [info]Marker 3 no longer visible
 
(Filename: C:/buildslave/unity/build/artifacts/generated/common/runtime/DebugBindings.gen.cpp Line: 51)

ARController (native): [info]Marker 3 now visible
 
(Filename: C:/buildslave/unity/build/artifacts/generated/common/runtime/DebugBindings.gen.cpp Line: 51)

ARController (native): [info]Marker 3 no longer visible
 
(Filename: C:/buildslave/unity/build/artifacts/generated/common/runtime/DebugBindings.gen.cpp Line: 51)

ARController (native): [info]Marker 3 now visible
 
(Filename: C:/buildslave/unity/build/artifacts/generated/common/runtime/DebugBindings.gen.cpp Line: 51)

ARController (native): [info]Marker 3 no longer visible
 
(Filename: C:/buildslave/unity/build/artifacts/generated/common/runtime/DebugBindings.gen.cpp Line: 51)

ARController (native): [info]Marker 3 now visible
 
(Filename: C:/buildslave/unity/build/artifacts/generated/common/runtime/DebugBindings.gen.cpp Line: 51)

ARController (native): [info]Marker 3 no longer visible
 
(Filename: C:/buildslave/unity/build/artifacts/generated/common/runtime/DebugBindings.gen.cpp Line: 51)

ARController (native): [info]Marker 3 now visible
 
(Filename: C:/buildslave/unity/build/artifacts/generated/common/runtime/DebugBindings.gen.cpp Line: 51)

ARController (native): [info]Marker 3 no longer visible
 
(Filename: C:/buildslave/unity/build/artifacts/generated/common/runtime/DebugBindings.gen.cpp Line: 51)

ARController (native): [info]Marker 3 now visible
 
(Filename: C:/buildslave/unity/build/artifacts/generated/common/runtime/DebugBindings.gen.cpp Line: 51)

ARController (native): [info]Marker 3 no longer visible
 
(Filename: C:/buildslave/unity/build/artifacts/generated/common/runtime/DebugBindings.gen.cpp Line: 51)

ARController (native): [info]Marker 3 now visible
 
(Filename: C:/buildslave/unity/build/artifacts/generated/common/runtime/DebugBindings.gen.cpp Line: 51)

ARController (native): [info]Marker 3 no longer visible
 
(Filename: C:/buildslave/unity/build/artifacts/generated/common/runtime/DebugBindings.gen.cpp Line: 51)

ARController (native): [info]Marker 3 now visible
 
(Filename: C:/buildslave/unity/build/artifacts/generated/common/runtime/DebugBindings.gen.cpp Line: 51)

ARController (native): [info]Marker 3 no longer visible
 
(Filename: C:/buildslave/unity/build/artifacts/generated/common/runtime/DebugBindings.gen.cpp Line: 51)

ARController (native): [info]Marker 3 now visible
 
(Filename: C:/buildslave/unity/build/artifacts/generated/common/runtime/DebugBindings.gen.cpp Line: 51)

ARController (native): [info]Marker 3 no longer visible
 
(Filename: C:/buildslave/unity/build/artifacts/generated/common/runtime/DebugBindings.gen.cpp Line: 51)

ARController (native): [info]Marker 3 now visible
 
(Filename: C:/buildslave/unity/build/artifacts/generated/common/runtime/DebugBindings.gen.cpp Line: 51)

ARController (native): [info]Marker 3 no longer visible
 
(Filename: C:/buildslave/unity/build/artifacts/generated/common/runtime/DebugBindings.gen.cpp Line: 51)

ARController (native): [info]Marker 3 now visible
 
(Filename: C:/buildslave/unity/build/artifacts/generated/common/runtime/DebugBindings.gen.cpp Line: 51)

ARController (native): [info]Marker 3 no longer visible
 
(Filename: C:/buildslave/unity/build/artifacts/generated/common/runtime/DebugBindings.gen.cpp Line: 51)

ARController (native): [info]Marker 3 now visible
 
(Filename: C:/buildslave/unity/build/artifacts/generated/common/runtime/DebugBindings.gen.cpp Line: 51)

ARController (native): [info]Marker 3 no longer visible
 
(Filename: C:/buildslave/unity/build/artifacts/generated/common/runtime/DebugBindings.gen.cpp Line: 51)

ARController (native): [info]Marker 3 now visible
 
(Filename: C:/buildslave/unity/build/artifacts/generated/common/runtime/DebugBindings.gen.cpp Line: 51)

ARController (native): [info]Marker 3 no longer visible
 
(Filename: C:/buildslave/unity/build/artifacts/generated/common/runtime/DebugBindings.gen.cpp Line: 51)

ARController (native): [info]Marker 1 now visible
 
(Filename: C:/buildslave/unity/build/artifacts/generated/common/runtime/DebugBindings.gen.cpp Line: 51)

ARController (native): [info]Marker 3 now visible
 
(Filename: C:/buildslave/unity/build/artifacts/generated/common/runtime/DebugBindings.gen.cpp Line: 51)

ARController (native): [info]Marker 1 no longer visible
 
(Filename: C:/buildslave/unity/build/artifacts/generated/common/runtime/DebugBindings.gen.cpp Line: 51)

ARController (native): [info]Marker 3 no longer visible
 
(Filename: C:/buildslave/unity/build/artifacts/generated/common/runtime/DebugBindings.gen.cpp Line: 51)

ARController (native): [info]Marker 3 now visible
 
(Filename: C:/buildslave/unity/build/artifacts/generated/common/runtime/DebugBindings.gen.cpp Line: 51)

ARController (native): [info]Marker 4 now visible
 
(Filename: C:/buildslave/unity/build/artifacts/generated/common/runtime/DebugBindings.gen.cpp Line: 51)

ARController (native): [info]Marker 3 no longer visible
 
(Filename: C:/buildslave/unity/build/artifacts/generated/common/runtime/DebugBindings.gen.cpp Line: 51)

ARController (native): [info]Marker 4 no longer visible
 
(Filename: C:/buildslave/unity/build/artifacts/generated/common/runtime/DebugBindings.gen.cpp Line: 51)

ARController (native): [info]Marker 3 now visible
 
(Filename: C:/buildslave/unity/build/artifacts/generated/common/runtime/DebugBindings.gen.cpp Line: 51)

ARController (native): [info]Marker 3 no longer visible
 
(Filename: C:/buildslave/unity/build/artifacts/generated/common/runtime/DebugBindings.gen.cpp Line: 51)

ARController (native): [info]Marker 3 now visible
 
(Filename: C:/buildslave/unity/build/artifacts/generated/common/runtime/DebugBindings.gen.cpp Line: 51)

ARController (native): [info]Marker 3 no longer visible
 
(Filename: C:/buildslave/unity/build/artifacts/generated/common/runtime/DebugBindings.gen.cpp Line: 51)

ARController (native): [info]Marker 3 now visible
 
(Filename: C:/buildslave/unity/build/artifacts/generated/common/runtime/DebugBindings.gen.cpp Line: 51)

ARController (native): [info]Marker 3 no longer visible
 
(Filename: C:/buildslave/unity/build/artifacts/generated/common/runtime/DebugBindings.gen.cpp Line: 51)

ARController (native): [info]Marker 3 now visible
 
(Filename: C:/buildslave/unity/build/artifacts/generated/common/runtime/DebugBindings.gen.cpp Line: 51)

ARController (native): [info]Marker 3 no longer visible
 
(Filename: C:/buildslave/unity/build/artifacts/generated/common/runtime/DebugBindings.gen.cpp Line: 51)

ARController (native): [info]Marker 3 now visible
 
(Filename: C:/buildslave/unity/build/artifacts/generated/common/runtime/DebugBindings.gen.cpp Line: 51)

ARController (native): [info]Marker 3 no longer visible
 
(Filename: C:/buildslave/unity/build/artifacts/generated/common/runtime/DebugBindings.gen.cpp Line: 51)

ARController (native): [info]Marker 3 now visible
 
(Filename: C:/buildslave/unity/build/artifacts/generated/common/runtime/DebugBindings.gen.cpp Line: 51)

ARController (native): [info]Marker 3 no longer visible
 
(Filename: C:/buildslave/unity/build/artifacts/generated/common/runtime/DebugBindings.gen.cpp Line: 51)

ARController (native): [info]Marker 3 now visible
 
(Filename: C:/buildslave/unity/build/artifacts/generated/common/runtime/DebugBindings.gen.cpp Line: 51)

ARController (native): [info]Marker 3 no longer visible
 
(Filename: C:/buildslave/unity/build/artifacts/generated/common/runtime/DebugBindings.gen.cpp Line: 51)

ARController (native): [info]Marker 3 now visible
 
(Filename: C:/buildslave/unity/build/artifacts/generated/common/runtime/DebugBindings.gen.cpp Line: 51)

ARController (native): [info]Marker 3 no longer visible
 
(Filename: C:/buildslave/unity/build/artifacts/generated/common/runtime/DebugBindings.gen.cpp Line: 51)

ARController (native): [info]Marker 3 now visible
 
(Filename: C:/buildslave/unity/build/artifacts/generated/common/runtime/DebugBindings.gen.cpp Line: 51)

ARController (native): [info]Marker 3 no longer visible
 
(Filename: C:/buildslave/unity/build/artifacts/generated/common/runtime/DebugBindings.gen.cpp Line: 51)

ARController (native): [info]Marker 3 now visible
 
(Filename: C:/buildslave/unity/build/artifacts/generated/common/runtime/DebugBindings.gen.cpp Line: 51)

ARController (native): [info]Marker 3 no longer visible
 
(Filename: C:/buildslave/unity/build/artifacts/generated/common/runtime/DebugBindings.gen.cpp Line: 51)

ARController (native): [info]Marker 3 now visible
 
(Filename: C:/buildslave/unity/build/artifacts/generated/common/runtime/DebugBindings.gen.cpp Line: 51)

ARController (native): [info]Marker 3 no longer visible
 
(Filename: C:/buildslave/unity/build/artifacts/generated/common/runtime/DebugBindings.gen.cpp Line: 51)

ARController (native): [info]Marker 3 now visible
 
(Filename: C:/buildslave/unity/build/artifacts/generated/common/runtime/DebugBindings.gen.cpp Line: 51)

ARController (native): [info]Marker 3 no longer visible
 
(Filename: C:/buildslave/unity/build/artifacts/generated/common/runtime/DebugBindings.gen.cpp Line: 51)

ARController (native): [info]Marker 3 now visible
 
(Filename: C:/buildslave/unity/build/artifacts/generated/common/runtime/DebugBindings.gen.cpp Line: 51)

ARController (native): [info]Marker 3 no longer visible
 
(Filename: C:/buildslave/unity/build/artifacts/generated/common/runtime/DebugBindings.gen.cpp Line: 51)

ARController (native): [info]Marker 3 now visible
 
(Filename: C:/buildslave/unity/build/artifacts/generated/common/runtime/DebugBindings.gen.cpp Line: 51)

ARController (native): [info]Marker 3 no longer visible
 
(Filename: C:/buildslave/unity/build/artifacts/generated/common/runtime/DebugBindings.gen.cpp Line: 51)

ARController (native): [info]Marker 3 now visible
 
(Filename: C:/buildslave/unity/build/artifacts/generated/common/runtime/DebugBindings.gen.cpp Line: 51)

ARController (native): [info]Marker 3 no longer visible
 
(Filename: C:/buildslave/unity/build/artifacts/generated/common/runtime/DebugBindings.gen.cpp Line: 51)

ARController (native): [info]Marker 3 now visible
 
(Filename: C:/buildslave/unity/build/artifacts/generated/common/runtime/DebugBindings.gen.cpp Line: 51)

ARController (native): [info]Marker 3 no longer visible
 
(Filename: C:/buildslave/unity/build/artifacts/generated/common/runtime/DebugBindings.gen.cpp Line: 51)

ARController (native): [info]Marker 3 now visible
 
(Filename: C:/buildslave/unity/build/artifacts/generated/common/runtime/DebugBindings.gen.cpp Line: 51)

ARController (native): [info]Marker 3 no longer visible
 
(Filename: C:/buildslave/unity/build/artifacts/generated/common/runtime/DebugBindings.gen.cpp Line: 51)

ARController (native): [info]Marker 3 now visible
 
(Filename: C:/buildslave/unity/build/artifacts/generated/common/runtime/DebugBindings.gen.cpp Line: 51)

ARController (native): [info]Marker 3 no longer visible
 
(Filename: C:/buildslave/unity/build/artifacts/generated/common/runtime/DebugBindings.gen.cpp Line: 51)

ARController (native): [info]Marker 3 now visible
 
(Filename: C:/buildslave/unity/build/artifacts/generated/common/runtime/DebugBindings.gen.cpp Line: 51)

ARController (native): [info]Marker 3 no longer visible
 
(Filename: C:/buildslave/unity/build/artifacts/generated/common/runtime/DebugBindings.gen.cpp Line: 51)

ARController (native): [info]Marker 3 now visible
 
(Filename: C:/buildslave/unity/build/artifacts/generated/common/runtime/DebugBindings.gen.cpp Line: 51)

ARController (native): [info]Marker 3 no longer visible
 
(Filename: C:/buildslave/unity/build/artifacts/generated/common/runtime/DebugBindings.gen.cpp Line: 51)

ARController (native): [info]Marker 3 now visible
 
(Filename: C:/buildslave/unity/build/artifacts/generated/common/runtime/DebugBindings.gen.cpp Line: 51)

ARController (native): [info]Marker 3 no longer visible
 
(Filename: C:/buildslave/unity/build/artifacts/generated/common/runtime/DebugBindings.gen.cpp Line: 51)

ARController (native): [info]Marker 3 now visible
 
(Filename: C:/buildslave/unity/build/artifacts/generated/common/runtime/DebugBindings.gen.cpp Line: 51)

ARController (native): [info]Marker 3 no longer visible
 
(Filename: C:/buildslave/unity/build/artifacts/generated/common/runtime/DebugBindings.gen.cpp Line: 51)

ARController (native): [info]Marker 3 now visible
 
(Filename: C:/buildslave/unity/build/artifacts/generated/common/runtime/DebugBindings.gen.cpp Line: 51)

ARController (native): [info]Marker 3 no longer visible
 
(Filename: C:/buildslave/unity/build/artifacts/generated/common/runtime/DebugBindings.gen.cpp Line: 51)

ARController (native): [info]Marker 3 now visible
 
(Filename: C:/buildslave/unity/build/artifacts/generated/common/runtime/DebugBindings.gen.cpp Line: 51)

ARController (native): [info]Marker 3 no longer visible
 
(Filename: C:/buildslave/unity/build/artifacts/generated/common/runtime/DebugBindings.gen.cpp Line: 51)

ARController (native): [info]Marker 3 now visible
 
(Filename: C:/buildslave/unity/build/artifacts/generated/common/runtime/DebugBindings.gen.cpp Line: 51)

ARController (native): [info]Marker 3 no longer visible
 
(Filename: C:/buildslave/unity/build/artifacts/generated/common/runtime/DebugBindings.gen.cpp Line: 51)

ARController (native): [info]Marker 3 now visible
 
(Filename: C:/buildslave/unity/build/artifacts/generated/common/runtime/DebugBindings.gen.cpp Line: 51)

ARController (native): [info]Marker 3 no longer visible
 
(Filename: C:/buildslave/unity/build/artifacts/generated/common/runtime/DebugBindings.gen.cpp Line: 51)

ARController (native): [info]Marker 3 now visible
 
(Filename: C:/buildslave/unity/build/artifacts/generated/common/runtime/DebugBindings.gen.cpp Line: 51)

ARController (native): [info]Marker 3 no longer visible
 
(Filename: C:/buildslave/unity/build/artifacts/generated/common/runtime/DebugBindings.gen.cpp Line: 51)

ARController (native): [info]Marker 3 now visible
 
(Filename: C:/buildslave/unity/build/artifacts/generated/common/runtime/DebugBindings.gen.cpp Line: 51)

ARController (native): [info]Marker 3 no longer visible
 
(Filename: C:/buildslave/unity/build/artifacts/generated/common/runtime/DebugBindings.gen.cpp Line: 51)

ARController (native): [info]Marker 3 now visible
 
(Filename: C:/buildslave/unity/build/artifacts/generated/common/runtime/DebugBindings.gen.cpp Line: 51)

ARController (native): [info]Marker 3 no longer visible
 
(Filename: C:/buildslave/unity/build/artifacts/generated/common/runtime/DebugBindings.gen.cpp Line: 51)

ARController (native): [info]Marker 3 now visible
 
(Filename: C:/buildslave/unity/build/artifacts/generated/common/runtime/DebugBindings.gen.cpp Line: 51)

ARController (native): [info]Marker 3 no longer visible
 
(Filename: C:/buildslave/unity/build/artifacts/generated/common/runtime/DebugBindings.gen.cpp Line: 51)

ARController (native): [info]Marker 3 now visible
 
(Filename: C:/buildslave/unity/build/artifacts/generated/common/runtime/DebugBindings.gen.cpp Line: 51)

ARController (native): [info]Marker 3 no longer visible
 
(Filename: C:/buildslave/unity/build/artifacts/generated/common/runtime/DebugBindings.gen.cpp Line: 51)

ARController (native): [info]Marker 3 now visible
 
(Filename: C:/buildslave/unity/build/artifacts/generated/common/runtime/DebugBindings.gen.cpp Line: 51)

ARController (native): [info]Marker 3 no longer visible
 
(Filename: C:/buildslave/unity/build/artifacts/generated/common/runtime/DebugBindings.gen.cpp Line: 51)

ARController (native): [info]Marker 3 now visible
 
(Filename: C:/buildslave/unity/build/artifacts/generated/common/runtime/DebugBindings.gen.cpp Line: 51)

ARController (native): [info]Marker 3 no longer visible
 
(Filename: C:/buildslave/unity/build/artifacts/generated/common/runtime/DebugBindings.gen.cpp Line: 51)

ARController (native): [info]Marker 3 now visible
 
(Filename: C:/buildslave/unity/build/artifacts/generated/common/runtime/DebugBindings.gen.cpp Line: 51)

ARController (native): [info]Marker 3 no longer visible
 
(Filename: C:/buildslave/unity/build/artifacts/generated/common/runtime/DebugBindings.gen.cpp Line: 51)

ARController (native): [info]Marker 3 now visible
 
(Filename: C:/buildslave/unity/build/artifacts/generated/common/runtime/DebugBindings.gen.cpp Line: 51)

ARController (native): [info]Marker 3 no longer visible
 
(Filename: C:/buildslave/unity/build/artifacts/generated/common/runtime/DebugBindings.gen.cpp Line: 51)

ARController (native): [info]Marker 3 now visible
 
(Filename: C:/buildslave/unity/build/artifacts/generated/common/runtime/DebugBindings.gen.cpp Line: 51)

ARController (native): [info]Marker 3 no longer visible
 
(Filename: C:/buildslave/unity/build/artifacts/generated/common/runtime/DebugBindings.gen.cpp Line: 51)

ARController (native): [info]Marker 3 now visible
 
(Filename: C:/buildslave/unity/build/artifacts/generated/common/runtime/DebugBindings.gen.cpp Line: 51)

ARController (native): [info]Marker 3 no longer visible
 
(Filename: C:/buildslave/unity/build/artifacts/generated/common/runtime/DebugBindings.gen.cpp Line: 51)

ARController (native): [info]Marker 3 now visible
 
(Filename: C:/buildslave/unity/build/artifacts/generated/common/runtime/DebugBindings.gen.cpp Line: 51)

ARController (native): [info]Marker 3 no longer visible
 
(Filename: C:/buildslave/unity/build/artifacts/generated/common/runtime/DebugBindings.gen.cpp Line: 51)

ARController (native): [info]Marker 3 now visible
 
(Filename: C:/buildslave/unity/build/artifacts/generated/common/runtime/DebugBindings.gen.cpp Line: 51)

ARController (native): [info]Marker 3 no longer visible
 
(Filename: C:/buildslave/unity/build/artifacts/generated/common/runtime/DebugBindings.gen.cpp Line: 51)

ARController (native): [info]Marker 3 now visible
 
(Filename: C:/buildslave/unity/build/artifacts/generated/common/runtime/DebugBindings.gen.cpp Line: 51)

ARController (native): [info]Marker 3 no longer visible
 
(Filename: C:/buildslave/unity/build/artifacts/generated/common/runtime/DebugBindings.gen.cpp Line: 51)

ARController (native): [info]Marker 3 now visible
 
(Filename: C:/buildslave/unity/build/artifacts/generated/common/runtime/DebugBindings.gen.cpp Line: 51)

ARController (native): [info]Marker 3 no longer visible
 
(Filename: C:/buildslave/unity/build/artifacts/generated/common/runtime/DebugBindings.gen.cpp Line: 51)

ARController (native): [info]Marker 3 now visible
 
(Filename: C:/buildslave/unity/build/artifacts/generated/common/runtime/DebugBindings.gen.cpp Line: 51)

ARController (native): [info]Marker 3 no longer visible
 
(Filename: C:/buildslave/unity/build/artifacts/generated/common/runtime/DebugBindings.gen.cpp Line: 51)

ARController (native): [info]Marker 3 now visible
 
(Filename: C:/buildslave/unity/build/artifacts/generated/common/runtime/DebugBindings.gen.cpp Line: 51)

ARController (native): [info]Marker 3 no longer visible
 
(Filename: C:/buildslave/unity/build/artifacts/generated/common/runtime/DebugBindings.gen.cpp Line: 51)

ARController (native): [info]Marker 3 now visible
 
(Filename: C:/buildslave/unity/build/artifacts/generated/common/runtime/DebugBindings.gen.cpp Line: 51)

ARController (native): [info]Marker 3 no longer visible
 
(Filename: C:/buildslave/unity/build/artifacts/generated/common/runtime/DebugBindings.gen.cpp Line: 51)

ARController (native): [info]Marker 3 now visible
 
(Filename: C:/buildslave/unity/build/artifacts/generated/common/runtime/DebugBindings.gen.cpp Line: 51)

ARController (native): [info]Marker 3 no longer visible
 
(Filename: C:/buildslave/unity/build/artifacts/generated/common/runtime/DebugBindings.gen.cpp Line: 51)

ARController (native): [info]Marker 3 now visible
 
(Filename: C:/buildslave/unity/build/artifacts/generated/common/runtime/DebugBindings.gen.cpp Line: 51)

ARController (native): [info]Marker 3 no longer visible
 
(Filename: C:/buildslave/unity/build/artifacts/generated/common/runtime/DebugBindings.gen.cpp Line: 51)

ARController (native): [info]Marker 3 now visible
 
(Filename: C:/buildslave/unity/build/artifacts/generated/common/runtime/DebugBindings.gen.cpp Line: 51)

ARController (native): [info]Marker 3 no longer visible
 
(Filename: C:/buildslave/unity/build/artifacts/generated/common/runtime/DebugBindings.gen.cpp Line: 51)

ARController (native): [info]Marker 3 now visible
 
(Filename: C:/buildslave/unity/build/artifacts/generated/common/runtime/DebugBindings.gen.cpp Line: 51)

ARController (native): [info]Marker 3 no longer visible
 
(Filename: C:/buildslave/unity/build/artifacts/generated/common/runtime/DebugBindings.gen.cpp Line: 51)

ARController (native): [info]Marker 3 now visible
 
(Filename: C:/buildslave/unity/build/artifacts/generated/common/runtime/DebugBindings.gen.cpp Line: 51)

ARController (native): [info]Marker 3 no longer visible
 
(Filename: C:/buildslave/unity/build/artifacts/generated/common/runtime/DebugBindings.gen.cpp Line: 51)

ARController (native): [info]Marker 3 now visible
 
(Filename: C:/buildslave/unity/build/artifacts/generated/common/runtime/DebugBindings.gen.cpp Line: 51)

ARController (native): [info]Marker 3 no longer visible
 
(Filename: C:/buildslave/unity/build/artifacts/generated/common/runtime/DebugBindings.gen.cpp Line: 51)

ARController (native): [info]Marker 3 now visible
 
(Filename: C:/buildslave/unity/build/artifacts/generated/common/runtime/DebugBindings.gen.cpp Line: 51)

ARController (native): [info]Marker 3 no longer visible
 
(Filename: C:/buildslave/unity/build/artifacts/generated/common/runtime/DebugBindings.gen.cpp Line: 51)

ARController (native): [info]Marker 3 now visible
 
(Filename: C:/buildslave/unity/build/artifacts/generated/common/runtime/DebugBindings.gen.cpp Line: 51)

ARController (native): [info]Marker 3 no longer visible
 
(Filename: C:/buildslave/unity/build/artifacts/generated/common/runtime/DebugBindings.gen.cpp Line: 51)

ARController: Stopping AR.
 
(Filename: C:/buildslave/unity/build/artifacts/generated/common/runtime/DebugBindings.gen.cpp Line: 51)

ARController (native): [info]Closing ARToolKit video.
 
(Filename: C:/buildslave/unity/build/artifacts/generated/common/runtime/DebugBindings.gen.cpp Line: 51)

Unloading 5 Unused Serialized files (Serialized files now loaded: 0)

Unloading 3 unused Assets to reduce memory usage. Loaded Objects now: 2151.
Total: 0.695790 ms (FindLiveObjects: 0.120597 ms CreateObjectMapping: 0.029080 ms MarkObjects: 0.539269 ms  DeleteObjects: 0.006414 ms)

Setting up 2 worker threads for Enlighten.
  Thread -> id: 3824 -> priority: 1 
  Thread -> id: 3080 -> priority: 1 
ARController (native): [info]Removed marker (UID=0), now 4 markers loaded
 
(Filename: C:/buildslave/unity/build/artifacts/generated/common/runtime/DebugBindings.gen.cpp Line: 51)

ARController (native): [info]Removed marker (UID=1), now 3 markers loaded
 
(Filename: C:/buildslave/unity/build/artifacts/generated/common/runtime/DebugBindings.gen.cpp Line: 51)

ARController (native): [info]Removed marker (UID=3), now 2 markers loaded
 
(Filename: C:/buildslave/unity/build/artifacts/generated/common/runtime/DebugBindings.gen.cpp Line: 51)

ARController (native): [info]Removed marker (UID=2), now 1 markers loaded
 
(Filename: C:/buildslave/unity/build/artifacts/generated/common/runtime/DebugBindings.gen.cpp Line: 51)

ARController (native): [info]Last square marker removed; disabling square marker detection.
 
(Filename: C:/buildslave/unity/build/artifacts/generated/common/runtime/DebugBindings.gen.cpp Line: 51)

ARController (native): [info]Removed marker (UID=4), now 0 markers loaded
 
(Filename: C:/buildslave/unity/build/artifacts/generated/common/runtime/DebugBindings.gen.cpp Line: 51)

ARController: Shutting down ARToolKit
 
(Filename: C:/buildslave/unity/build/artifacts/generated/common/runtime/DebugBindings.gen.cpp Line: 51)

ARController: Stopping AR.
 
(Filename: C:/buildslave/unity/build/artifacts/generated/common/runtime/DebugBindings.gen.cpp Line: 51)

ARController (native): [info]Closing ARToolKit video.
 
(Filename: C:/buildslave/unity/build/artifacts/generated/common/runtime/DebugBindings.gen.cpp Line: 51)

Unloading 5 Unused Serialized files (Serialized files now loaded: 0)

Unloading 3 unused Assets to reduce memory usage. Loaded Objects now: 2151.
Total: 0.933992 ms (FindLiveObjects: 0.162507 ms CreateObjectMapping: 0.047469 ms MarkObjects: 0.715034 ms  DeleteObjects: 0.008125 ms)

Setting up 2 worker threads for Enlighten.
  Thread -> id: 3834 -> priority: 1 
  Thread -> id: 8b4 -> priority: 1 
ARController (native): [info]Removed marker (UID=0), now 4 markers loaded
 
(Filename: C:/buildslave/unity/build/artifacts/generated/common/runtime/DebugBindings.gen.cpp Line: 51)

ARController (native): [info]Removed marker (UID=1), now 3 markers loaded
 
(Filename: C:/buildslave/unity/build/artifacts/generated/common/runtime/DebugBindings.gen.cpp Line: 51)

ARController (native): [info]Removed marker (UID=3), now 2 markers loaded
 
(Filename: C:/buildslave/unity/build/artifacts/generated/common/runtime/DebugBindings.gen.cpp Line: 51)

ARController (native): [info]Removed marker (UID=2), now 1 markers loaded
 
(Filename: C:/buildslave/unity/build/artifacts/generated/common/runtime/DebugBindings.gen.cpp Line: 51)

ARController (native): [info]Last square marker removed; disabling square marker detection.
 
(Filename: C:/buildslave/unity/build/artifacts/generated/common/runtime/DebugBindings.gen.cpp Line: 51)

ARController (native): [info]Removed marker (UID=4), now 0 markers loaded
 
(Filename: C:/buildslave/unity/build/artifacts/generated/common/runtime/DebugBindings.gen.cpp Line: 51)

ARController: Shutting down ARToolKit
 
(Filename: C:/buildslave/unity/build/artifacts/generated/common/runtime/DebugBindings.gen.cpp Line: 51)

